c:\users\usuario\source\repos\project132\project132\debug\vc141.pdb
c:\users\usuario\source\repos\project132\project132\debug\myform.obj
c:\users\usuario\source\repos\project132\project132\debug\introduccion.obj
c:\users\usuario\desktop\agar.io\project132\debug\vc141.pdb
c:\users\usuario\desktop\agar.io\project132\debug\myform.obj
c:\users\usuario\desktop\agar.io\project132\debug\introduccion.obj
c:\users\usuario\source\repos\project132\debug\project132.exe
c:\users\usuario\source\repos\project132\debug\project132.pdb
c:\users\usuario\desktop\agar.io\debug\project132.exe
c:\users\usuario\desktop\agar.io\debug\project132.pdb
c:\users\usuario\source\repos\project132\project132\debug\project132.introduccion.resources
c:\users\usuario\source\repos\project132\project132\debug\project132.myform.resources
c:\users\usuario\desktop\agar.io\project132\debug\project132.introduccion.resources
c:\users\usuario\desktop\agar.io\project132\debug\project132.myform.resources
c:\users\usuario\desktop\agar.io\project132\debug\project132.vcxproj.generateresource.cache
c:\users\usuario\desktop\agar.io\project132\debug\project132.vcxprojassemblyreference.cache
c:\users\usuario\desktop\agar.io\project132\debug\.netframework,version=v4.6.1.assemblyattributes.obj
c:\users\usuario\desktop\agar.io\project132\debug\project132.tlog\cl.command.1.tlog
c:\users\usuario\desktop\agar.io\project132\debug\project132.tlog\cl.read.1.tlog
c:\users\usuario\desktop\agar.io\project132\debug\project132.tlog\cl.write.1.tlog
c:\users\usuario\desktop\agar.io\project132\debug\project132.tlog\link.command.1.tlog
c:\users\usuario\desktop\agar.io\project132\debug\project132.tlog\link.read.1.tlog
c:\users\usuario\desktop\agar.io\project132\debug\project132.tlog\link.write.1.tlog
c:\users\usuario\desktop\agar.io\project132\debug\project132.tlog\metagen.read.1.tlog
c:\users\usuario\desktop\agar.io\project132\debug\project132.tlog\metagen.write.1.tlog
c:\users\usuario\desktop\agar.io\project132\debug\project132.tlog\project132.write.1u.tlog
